Log:
MAC查重: 445451098904 本机查重 PASS
分配SN: Z0100254115467成功 PASS
等待5s ....,请上电进入下载模式
开始读取芯片0xc1000地址...
读取芯片0xc1000地址生成bin成功
开始读取bin中的SN...
读取bin中的SN成功
SN查询: PASS
等待5s ....,请上电进入下载模式
等待5s ....,请在下载完成后再次上电进入下载模式
开始读取芯片0xc1000地址...
读取芯片0xc1000地址生成bin成功
开始读取bin中的SN...
读取bin中的SN成功
SN校验:Z0100254115467  写入正确 PASS

########     ###     ######   ######
##     ##   ## ##   ##    ## ##    ##
##     ##  ##   ##  ##       ##
########  ##     ##  ######   ######
##        #########       ##       ##
##        ##     ## ##    ## ##    ##
##        ##     ##  ######   ######
