Log:
MAC查重: 453453453406 本机查重 PASS
分配SN: Z0100254115467成功 PASS
等待5s ....,请上电进入下载模式 进行查询SN
开始读取芯片0xc1000地址...
读取芯片0xc1000地址生成bin成功
开始读取bin中的SN...
读取bin中的SN成功
SN查询:产品中未写过SN PASS
等待5s ....,请上电进入下载模式,进行下载
等待5s ....,请在下载完成后再次上电进入下载模式，进行校验
开始读取芯片0xc1000地址...
读取芯片0xc1000地址生成bin成功
开始读取bin中的SN...
读取bin中的SN成功
SN校验:Z0100254115467  写入正确 PASS
写入过站记录表: MAC:453453453406 SN:Z0100254115467 PASS
删除SN: MAC(453453453406)删除最后一行SN成功  PASS

########     ###     ######   ######
##     ##   ## ##   ##    ## ##    ##
##     ##  ##   ##  ##       ##
########  ##     ##  ######   ######
##        #########       ##       ##
##        ##     ## ##    ## ##    ##
##        ##     ##  ######   ######
